<?xml version="1.0" encoding="UTF-8"?>
<testng-results ignored="0" total="2" passed="2" failed="0" skipped="0">
  <reporter-output>
  </reporter-output>
  <suite started-at="2022-07-24T18:53:52 IST" name="Default suite" finished-at="2022-07-24T18:53:52 IST" duration-ms="74">
    <groups>
    </groups>
    <test started-at="2022-07-24T18:53:52 IST" name="Default test" finished-at="2022-07-24T18:53:52 IST" duration-ms="74">
      <class name="sele1.TestngInotations">
        <test-method is-config="true" signature="beforetest()[pri:0, instance:sele1.TestngInotations@4f18837a]" started-at="2022-07-24T18:53:52 IST" name="beforetest" finished-at="2022-07-24T18:53:52 IST" duration-ms="11" status="PASS">
          <reporter-output>
          </reporter-output>
        </test-method> <!-- beforetest -->
        <test-method is-config="true" signature="beforeclass()[pri:0, instance:sele1.TestngInotations@4f18837a]" started-at="2022-07-24T18:53:52 IST" name="beforeclass" finished-at="2022-07-24T18:53:52 IST" duration-ms="1" status="PASS">
          <reporter-output>
          </reporter-output>
        </test-method> <!-- beforeclass -->
        <test-method is-config="true" signature="beforemethod()[pri:0, instance:sele1.TestngInotations@4f18837a]" started-at="2022-07-24T18:53:52 IST" name="beforemethod" finished-at="2022-07-24T18:53:52 IST" duration-ms="0" status="PASS">
          <reporter-output>
          </reporter-output>
        </test-method> <!-- beforemethod -->
        <test-method signature="test1()[pri:0, instance:sele1.TestngInotations@4f18837a]" started-at="2022-07-24T18:53:52 IST" name="test1" finished-at="2022-07-24T18:53:52 IST" duration-ms="5" status="PASS">
          <reporter-output>
          </reporter-output>
        </test-method> <!-- test1 -->
        <test-method is-config="true" signature="aftermethod()[pri:0, instance:sele1.TestngInotations@4f18837a]" started-at="2022-07-24T18:53:52 IST" name="aftermethod" finished-at="2022-07-24T18:53:52 IST" duration-ms="1" status="PASS">
          <reporter-output>
          </reporter-output>
        </test-method> <!-- aftermethod -->
        <test-method is-config="true" signature="beforemethod()[pri:0, instance:sele1.TestngInotations@4f18837a]" started-at="2022-07-24T18:53:52 IST" name="beforemethod" finished-at="2022-07-24T18:53:52 IST" duration-ms="1" status="PASS">
          <reporter-output>
          </reporter-output>
        </test-method> <!-- beforemethod -->
        <test-method signature="test2()[pri:0, instance:sele1.TestngInotations@4f18837a]" started-at="2022-07-24T18:53:52 IST" name="test2" finished-at="2022-07-24T18:53:52 IST" duration-ms="3" status="PASS">
          <reporter-output>
          </reporter-output>
        </test-method> <!-- test2 -->
        <test-method is-config="true" signature="aftermethod()[pri:0, instance:sele1.TestngInotations@4f18837a]" started-at="2022-07-24T18:53:52 IST" name="aftermethod" finished-at="2022-07-24T18:53:52 IST" duration-ms="1" status="PASS">
          <reporter-output>
          </reporter-output>
        </test-method> <!-- aftermethod -->
        <test-method is-config="true" signature="afterclass()[pri:0, instance:sele1.TestngInotations@4f18837a]" started-at="2022-07-24T18:53:52 IST" name="afterclass" finished-at="2022-07-24T18:53:52 IST" duration-ms="1" status="PASS">
          <reporter-output>
          </reporter-output>
        </test-method> <!-- afterclass -->
        <test-method is-config="true" signature="aftertest()[pri:0, instance:sele1.TestngInotations@4f18837a]" started-at="2022-07-24T18:53:52 IST" name="aftertest" finished-at="2022-07-24T18:53:52 IST" duration-ms="1" status="PASS">
          <reporter-output>
          </reporter-output>
        </test-method> <!-- aftertest -->
      </class> <!-- sele1.TestngInotations -->
    </test> <!-- Default test -->
  </suite> <!-- Default suite -->
</testng-results>
